{
  "uid" : "91171be36d3fc834",
  "name" : "Validate the behaviour of different combinations of text box details",
  "fullName" : "tests.toolsqa.elements.TextBoxTest.testToolsQAElementsTextBox",
  "historyId" : "bf012043a8d8af93986922f48239bec9",
  "time" : {
    "start" : 1641576486845,
    "stop" : 1641576492097,
    "duration" : 5252
  },
  "description" : "Test Description: Login test with different combinations of username and password",
  "descriptionHtml" : "<p>Test Description: Login test with different combinations of username and password</p>\n",
  "status" : "skipped",
  "statusMessage" : "element click intercepted: Element <button id=\"submit\" type=\"button\" class=\"btn btn-primary\">...</button> is not clickable at point (572, 557). Other element would receive the click: <iframe id=\"google_ads_iframe_/21849154601,22343295815/Ad.Plus-Anchor_0\" title=\"3rd party ad content\" name=\"google_ads_iframe_/21849154601,22343295815/Ad.Plus-Anchor_0\" width=\"728\" height=\"90\" scrolling=\"no\" marginwidth=\"0\" marginheight=\"0\" frameborder=\"0\" role=\"region\" aria-label=\"Advertisement\" tabindex=\"0\" sandbox=\"allow-forms allow-popups allow-popups-to-escape-sandbox allow-same-origin allow-scripts allow-top-navigation-by-user-activation\" allow=\"attribution-reporting\" srcdoc=\"\" style=\"border: 0px; vertical-align: bottom;\" data-google-container-id=\"1\" data-load-complete=\"true\"></iframe>\n  (Session info: headless chrome=97.0.4692.71)\nBuild info: version: '4.1.1', revision: 'e8fcc2cecf'\nSystem info: host: 'fv-az275-504', ip: '10.1.0.188', os.name: 'Linux', os.arch: 'amd64', os.version: '5.11.0-1022-azure', java.version: '16.0.2'\nDriver info: org.openqa.selenium.chrome.ChromeDriver\nCommand: [b9ac36528e0646b603a56d45fc1b01ab, clickElement {id=9a47e8d1-204c-490f-9297-285d2eb4c53a}]\nCapabilities {acceptInsecureCerts: true, browserName: chrome, browserVersion: 97.0.4692.71, chrome: {chromedriverVersion: 96.0.4664.45 (76e4c1bb2ab46..., userDataDir: /tmp/.com.google.Chrome.Ye7WVj}, goog:chromeOptions: {debuggerAddress: localhost:37773}, javascriptEnabled: true, networkConnectionEnabled: false, pageLoadStrategy: normal, platform: LINUX, platformName: LINUX, proxy: Proxy(), se:cdp: ws://localhost:37773/devtoo..., se:cdpVersion: 97.0.4692.71, setWindowRect: true, strictFileInteractability: false, timeouts: {implicit: 0, pageLoad: 300000, script: 30000}, unhandledPromptBehavior: dismiss and notify, webauthn:extension:credBlob: true, webauthn:extension:largeBlob: true, webauthn:virtualAuthenticators: true}\nElement: [[ChromeDriver: chrome on LINUX (b9ac36528e0646b603a56d45fc1b01ab)] -> css selector: #submit]\nSession ID: b9ac36528e0646b603a56d45fc1b01ab",
  "statusTrace" : "org.openqa.selenium.ElementClickInterceptedException: element click intercepted: Element <button id=\"submit\" type=\"button\" class=\"btn btn-primary\">...</button> is not clickable at point (572, 557). Other element would receive the click: <iframe id=\"google_ads_iframe_/21849154601,22343295815/Ad.Plus-Anchor_0\" title=\"3rd party ad content\" name=\"google_ads_iframe_/21849154601,22343295815/Ad.Plus-Anchor_0\" width=\"728\" height=\"90\" scrolling=\"no\" marginwidth=\"0\" marginheight=\"0\" frameborder=\"0\" role=\"region\" aria-label=\"Advertisement\" tabindex=\"0\" sandbox=\"allow-forms allow-popups allow-popups-to-escape-sandbox allow-same-origin allow-scripts allow-top-navigation-by-user-activation\" allow=\"attribution-reporting\" srcdoc=\"\" style=\"border: 0px; vertical-align: bottom;\" data-google-container-id=\"1\" data-load-complete=\"true\"></iframe>\n  (Session info: headless chrome=97.0.4692.71)\nBuild info: version: '4.1.1', revision: 'e8fcc2cecf'\nSystem info: host: 'fv-az275-504', ip: '10.1.0.188', os.name: 'Linux', os.arch: 'amd64', os.version: '5.11.0-1022-azure', java.version: '16.0.2'\nDriver info: org.openqa.selenium.chrome.ChromeDriver\nCommand: [b9ac36528e0646b603a56d45fc1b01ab, clickElement {id=9a47e8d1-204c-490f-9297-285d2eb4c53a}]\nCapabilities {acceptInsecureCerts: true, browserName: chrome, browserVersion: 97.0.4692.71, chrome: {chromedriverVersion: 96.0.4664.45 (76e4c1bb2ab46..., userDataDir: /tmp/.com.google.Chrome.Ye7WVj}, goog:chromeOptions: {debuggerAddress: localhost:37773}, javascriptEnabled: true, networkConnectionEnabled: false, pageLoadStrategy: normal, platform: LINUX, platformName: LINUX, proxy: Proxy(), se:cdp: ws://localhost:37773/devtoo..., se:cdpVersion: 97.0.4692.71, setWindowRect: true, strictFileInteractability: false, timeouts: {implicit: 0, pageLoad: 300000, script: 30000}, unhandledPromptBehavior: dismiss and notify, webauthn:extension:credBlob: true, webauthn:extension:largeBlob: true, webauthn:virtualAuthenticators: true}\nElement: [[ChromeDriver: chrome on LINUX (b9ac36528e0646b603a56d45fc1b01ab)] -> css selector: #submit]\nSession ID: b9ac36528e0646b603a56d45fc1b01ab\n\tat java.base/jdk.internal.reflect.NativeConstructorAccessorImpl.newInstance0(Native Method)\n\tat java.base/jdk.internal.reflect.NativeConstructorAccessorImpl.newInstance(NativeConstructorAccessorImpl.java:78)\n\tat java.base/jdk.internal.reflect.DelegatingConstructorAccessorImpl.newInstance(DelegatingConstructorAccessorImpl.java:45)\n\tat java.base/java.lang.reflect.Constructor.newInstanceWithCaller(Constructor.java:499)\n\tat java.base/java.lang.reflect.Constructor.newInstance(Constructor.java:480)\n\tat org.openqa.selenium.remote.codec.w3c.W3CHttpResponseCodec.createException(W3CHttpResponseCodec.java:200)\n\tat org.openqa.selenium.remote.codec.w3c.W3CHttpResponseCodec.decode(W3CHttpResponseCodec.java:133)\n\tat org.openqa.selenium.remote.codec.w3c.W3CHttpResponseCodec.decode(W3CHttpResponseCodec.java:53)\n\tat org.openqa.selenium.remote.HttpCommandExecutor.execute(HttpCommandExecutor.java:184)\n\tat org.openqa.selenium.remote.service.DriverCommandExecutor.invokeExecute(DriverCommandExecutor.java:167)\n\tat org.openqa.selenium.remote.service.DriverCommandExecutor.execute(DriverCommandExecutor.java:142)\n\tat org.openqa.selenium.remote.RemoteWebDriver.execute(RemoteWebDriver.java:543)\n\tat org.openqa.selenium.remote.RemoteWebElement.execute(RemoteWebElement.java:251)\n\tat org.openqa.selenium.remote.RemoteWebElement.click(RemoteWebElement.java:77)\n\tat java.base/jdk.internal.reflect.NativeMethodAccessorImpl.invoke0(Native Method)\n\tat java.base/jdk.internal.reflect.NativeMethodAccessorImpl.invoke(NativeMethodAccessorImpl.java:78)\n\tat java.base/jdk.internal.reflect.DelegatingMethodAccessorImpl.invoke(DelegatingMethodAccessorImpl.java:43)\n\tat java.base/java.lang.reflect.Method.invoke(Method.java:567)\n\tat org.openqa.selenium.support.pagefactory.internal.LocatingElementHandler.invoke(LocatingElementHandler.java:52)\n\tat jdk.proxy2/jdk.proxy2.$Proxy32.click(Unknown Source)\n\tat pageObjects.pages.toolsqa.elements.TextBoxPage.clickOnSubmitButton(TextBoxPage.java:81)\n\tat tests.toolsqa.elements.TextBoxTest.testToolsQAElementsTextBox(TextBoxTest.java:36)\n\tat java.base/jdk.internal.reflect.NativeMethodAccessorImpl.invoke0(Native Method)\n\tat java.base/jdk.internal.reflect.NativeMethodAccessorImpl.invoke(NativeMethodAccessorImpl.java:78)\n\tat java.base/jdk.internal.reflect.DelegatingMethodAccessorImpl.invoke(DelegatingMethodAccessorImpl.java:43)\n\tat java.base/java.lang.reflect.Method.invoke(Method.java:567)\n\tat org.testng.internal.MethodInvocationHelper.invokeMethod(MethodInvocationHelper.java:134)\n\tat org.testng.internal.TestInvoker.invokeMethod(TestInvoker.java:597)\n\tat org.testng.internal.TestInvoker.invokeTestMethod(TestInvoker.java:173)\n\tat org.testng.internal.MethodRunner.runInSequence(MethodRunner.java:46)\n\tat org.testng.internal.TestInvoker$MethodInvocationAgent.invoke(TestInvoker.java:816)\n\tat org.testng.internal.TestInvoker.invokeTestMethods(TestInvoker.java:146)\n\tat org.testng.internal.TestMethodWorker.invokeTestMethods(TestMethodWorker.java:146)\n\tat org.testng.internal.TestMethodWorker.run(TestMethodWorker.java:128)\n\tat java.base/java.util.ArrayList.forEach(ArrayList.java:1511)\n\tat org.testng.TestRunner.privateRun(TestRunner.java:766)\n\tat org.testng.TestRunner.run(TestRunner.java:587)\n\tat org.testng.SuiteRunner.runTest(SuiteRunner.java:384)\n\tat org.testng.SuiteRunner.runSequentially(SuiteRunner.java:378)\n\tat org.testng.SuiteRunner.privateRun(SuiteRunner.java:337)\n\tat org.testng.SuiteRunner.run(SuiteRunner.java:286)\n\tat org.testng.SuiteRunnerWorker.runSuite(SuiteRunnerWorker.java:53)\n\tat org.testng.SuiteRunnerWorker.run(SuiteRunnerWorker.java:96)\n\tat java.base/java.util.concurrent.ThreadPoolExecutor.runWorker(ThreadPoolExecutor.java:1130)\n\tat java.base/java.util.concurrent.ThreadPoolExecutor$Worker.run(ThreadPoolExecutor.java:630)\n\tat java.base/java.lang.Thread.run(Thread.java:831)\n",
  "flaky" : false,
  "newFailed" : false,
  "beforeStages" : [ {
    "name" : "suiteSetup",
    "time" : {
      "start" : 1641576484144,
      "stop" : 1641576484570,
      "duration" : 426
    },
    "description" : "",
    "status" : "passed",
    "steps" : [ ],
    "attachments" : [ ],
    "parameters" : [ ],
    "stepsCount" : 0,
    "attachmentsCount" : 0,
    "shouldDisplayMessage" : false,
    "hasContent" : false
  }, {
    "name" : "beforeMethod",
    "time" : {
      "start" : 1641576484625,
      "stop" : 1641576486690,
      "duration" : 2065
    },
    "description" : "",
    "status" : "passed",
    "steps" : [ ],
    "attachments" : [ ],
    "parameters" : [ ],
    "stepsCount" : 0,
    "attachmentsCount" : 0,
    "shouldDisplayMessage" : false,
    "hasContent" : false
  } ],
  "testStage" : {
    "description" : "Test Description: Login test with different combinations of username and password",
    "status" : "skipped",
    "statusMessage" : "element click intercepted: Element <button id=\"submit\" type=\"button\" class=\"btn btn-primary\">...</button> is not clickable at point (572, 557). Other element would receive the click: <iframe id=\"google_ads_iframe_/21849154601,22343295815/Ad.Plus-Anchor_0\" title=\"3rd party ad content\" name=\"google_ads_iframe_/21849154601,22343295815/Ad.Plus-Anchor_0\" width=\"728\" height=\"90\" scrolling=\"no\" marginwidth=\"0\" marginheight=\"0\" frameborder=\"0\" role=\"region\" aria-label=\"Advertisement\" tabindex=\"0\" sandbox=\"allow-forms allow-popups allow-popups-to-escape-sandbox allow-same-origin allow-scripts allow-top-navigation-by-user-activation\" allow=\"attribution-reporting\" srcdoc=\"\" style=\"border: 0px; vertical-align: bottom;\" data-google-container-id=\"1\" data-load-complete=\"true\"></iframe>\n  (Session info: headless chrome=97.0.4692.71)\nBuild info: version: '4.1.1', revision: 'e8fcc2cecf'\nSystem info: host: 'fv-az275-504', ip: '10.1.0.188', os.name: 'Linux', os.arch: 'amd64', os.version: '5.11.0-1022-azure', java.version: '16.0.2'\nDriver info: org.openqa.selenium.chrome.ChromeDriver\nCommand: [b9ac36528e0646b603a56d45fc1b01ab, clickElement {id=9a47e8d1-204c-490f-9297-285d2eb4c53a}]\nCapabilities {acceptInsecureCerts: true, browserName: chrome, browserVersion: 97.0.4692.71, chrome: {chromedriverVersion: 96.0.4664.45 (76e4c1bb2ab46..., userDataDir: /tmp/.com.google.Chrome.Ye7WVj}, goog:chromeOptions: {debuggerAddress: localhost:37773}, javascriptEnabled: true, networkConnectionEnabled: false, pageLoadStrategy: normal, platform: LINUX, platformName: LINUX, proxy: Proxy(), se:cdp: ws://localhost:37773/devtoo..., se:cdpVersion: 97.0.4692.71, setWindowRect: true, strictFileInteractability: false, timeouts: {implicit: 0, pageLoad: 300000, script: 30000}, unhandledPromptBehavior: dismiss and notify, webauthn:extension:credBlob: true, webauthn:extension:largeBlob: true, webauthn:virtualAuthenticators: true}\nElement: [[ChromeDriver: chrome on LINUX (b9ac36528e0646b603a56d45fc1b01ab)] -> css selector: #submit]\nSession ID: b9ac36528e0646b603a56d45fc1b01ab",
    "statusTrace" : "org.openqa.selenium.ElementClickInterceptedException: element click intercepted: Element <button id=\"submit\" type=\"button\" class=\"btn btn-primary\">...</button> is not clickable at point (572, 557). Other element would receive the click: <iframe id=\"google_ads_iframe_/21849154601,22343295815/Ad.Plus-Anchor_0\" title=\"3rd party ad content\" name=\"google_ads_iframe_/21849154601,22343295815/Ad.Plus-Anchor_0\" width=\"728\" height=\"90\" scrolling=\"no\" marginwidth=\"0\" marginheight=\"0\" frameborder=\"0\" role=\"region\" aria-label=\"Advertisement\" tabindex=\"0\" sandbox=\"allow-forms allow-popups allow-popups-to-escape-sandbox allow-same-origin allow-scripts allow-top-navigation-by-user-activation\" allow=\"attribution-reporting\" srcdoc=\"\" style=\"border: 0px; vertical-align: bottom;\" data-google-container-id=\"1\" data-load-complete=\"true\"></iframe>\n  (Session info: headless chrome=97.0.4692.71)\nBuild info: version: '4.1.1', revision: 'e8fcc2cecf'\nSystem info: host: 'fv-az275-504', ip: '10.1.0.188', os.name: 'Linux', os.arch: 'amd64', os.version: '5.11.0-1022-azure', java.version: '16.0.2'\nDriver info: org.openqa.selenium.chrome.ChromeDriver\nCommand: [b9ac36528e0646b603a56d45fc1b01ab, clickElement {id=9a47e8d1-204c-490f-9297-285d2eb4c53a}]\nCapabilities {acceptInsecureCerts: true, browserName: chrome, browserVersion: 97.0.4692.71, chrome: {chromedriverVersion: 96.0.4664.45 (76e4c1bb2ab46..., userDataDir: /tmp/.com.google.Chrome.Ye7WVj}, goog:chromeOptions: {debuggerAddress: localhost:37773}, javascriptEnabled: true, networkConnectionEnabled: false, pageLoadStrategy: normal, platform: LINUX, platformName: LINUX, proxy: Proxy(), se:cdp: ws://localhost:37773/devtoo..., se:cdpVersion: 97.0.4692.71, setWindowRect: true, strictFileInteractability: false, timeouts: {implicit: 0, pageLoad: 300000, script: 30000}, unhandledPromptBehavior: dismiss and notify, webauthn:extension:credBlob: true, webauthn:extension:largeBlob: true, webauthn:virtualAuthenticators: true}\nElement: [[ChromeDriver: chrome on LINUX (b9ac36528e0646b603a56d45fc1b01ab)] -> css selector: #submit]\nSession ID: b9ac36528e0646b603a56d45fc1b01ab\n\tat java.base/jdk.internal.reflect.NativeConstructorAccessorImpl.newInstance0(Native Method)\n\tat java.base/jdk.internal.reflect.NativeConstructorAccessorImpl.newInstance(NativeConstructorAccessorImpl.java:78)\n\tat java.base/jdk.internal.reflect.DelegatingConstructorAccessorImpl.newInstance(DelegatingConstructorAccessorImpl.java:45)\n\tat java.base/java.lang.reflect.Constructor.newInstanceWithCaller(Constructor.java:499)\n\tat java.base/java.lang.reflect.Constructor.newInstance(Constructor.java:480)\n\tat org.openqa.selenium.remote.codec.w3c.W3CHttpResponseCodec.createException(W3CHttpResponseCodec.java:200)\n\tat org.openqa.selenium.remote.codec.w3c.W3CHttpResponseCodec.decode(W3CHttpResponseCodec.java:133)\n\tat org.openqa.selenium.remote.codec.w3c.W3CHttpResponseCodec.decode(W3CHttpResponseCodec.java:53)\n\tat org.openqa.selenium.remote.HttpCommandExecutor.execute(HttpCommandExecutor.java:184)\n\tat org.openqa.selenium.remote.service.DriverCommandExecutor.invokeExecute(DriverCommandExecutor.java:167)\n\tat org.openqa.selenium.remote.service.DriverCommandExecutor.execute(DriverCommandExecutor.java:142)\n\tat org.openqa.selenium.remote.RemoteWebDriver.execute(RemoteWebDriver.java:543)\n\tat org.openqa.selenium.remote.RemoteWebElement.execute(RemoteWebElement.java:251)\n\tat org.openqa.selenium.remote.RemoteWebElement.click(RemoteWebElement.java:77)\n\tat java.base/jdk.internal.reflect.NativeMethodAccessorImpl.invoke0(Native Method)\n\tat java.base/jdk.internal.reflect.NativeMethodAccessorImpl.invoke(NativeMethodAccessorImpl.java:78)\n\tat java.base/jdk.internal.reflect.DelegatingMethodAccessorImpl.invoke(DelegatingMethodAccessorImpl.java:43)\n\tat java.base/java.lang.reflect.Method.invoke(Method.java:567)\n\tat org.openqa.selenium.support.pagefactory.internal.LocatingElementHandler.invoke(LocatingElementHandler.java:52)\n\tat jdk.proxy2/jdk.proxy2.$Proxy32.click(Unknown Source)\n\tat pageObjects.pages.toolsqa.elements.TextBoxPage.clickOnSubmitButton(TextBoxPage.java:81)\n\tat tests.toolsqa.elements.TextBoxTest.testToolsQAElementsTextBox(TextBoxTest.java:36)\n\tat java.base/jdk.internal.reflect.NativeMethodAccessorImpl.invoke0(Native Method)\n\tat java.base/jdk.internal.reflect.NativeMethodAccessorImpl.invoke(NativeMethodAccessorImpl.java:78)\n\tat java.base/jdk.internal.reflect.DelegatingMethodAccessorImpl.invoke(DelegatingMethodAccessorImpl.java:43)\n\tat java.base/java.lang.reflect.Method.invoke(Method.java:567)\n\tat org.testng.internal.MethodInvocationHelper.invokeMethod(MethodInvocationHelper.java:134)\n\tat org.testng.internal.TestInvoker.invokeMethod(TestInvoker.java:597)\n\tat org.testng.internal.TestInvoker.invokeTestMethod(TestInvoker.java:173)\n\tat org.testng.internal.MethodRunner.runInSequence(MethodRunner.java:46)\n\tat org.testng.internal.TestInvoker$MethodInvocationAgent.invoke(TestInvoker.java:816)\n\tat org.testng.internal.TestInvoker.invokeTestMethods(TestInvoker.java:146)\n\tat org.testng.internal.TestMethodWorker.invokeTestMethods(TestMethodWorker.java:146)\n\tat org.testng.internal.TestMethodWorker.run(TestMethodWorker.java:128)\n\tat java.base/java.util.ArrayList.forEach(ArrayList.java:1511)\n\tat org.testng.TestRunner.privateRun(TestRunner.java:766)\n\tat org.testng.TestRunner.run(TestRunner.java:587)\n\tat org.testng.SuiteRunner.runTest(SuiteRunner.java:384)\n\tat org.testng.SuiteRunner.runSequentially(SuiteRunner.java:378)\n\tat org.testng.SuiteRunner.privateRun(SuiteRunner.java:337)\n\tat org.testng.SuiteRunner.run(SuiteRunner.java:286)\n\tat org.testng.SuiteRunnerWorker.runSuite(SuiteRunnerWorker.java:53)\n\tat org.testng.SuiteRunnerWorker.run(SuiteRunnerWorker.java:96)\n\tat java.base/java.util.concurrent.ThreadPoolExecutor.runWorker(ThreadPoolExecutor.java:1130)\n\tat java.base/java.util.concurrent.ThreadPoolExecutor$Worker.run(ThreadPoolExecutor.java:630)\n\tat java.base/java.lang.Thread.run(Thread.java:831)\n",
    "steps" : [ {
      "name" : "Open Tools QA Landing Page",
      "time" : {
        "start" : 1641576486899,
        "stop" : 1641576489287,
        "duration" : 2388
      },
      "status" : "passed",
      "steps" : [ ],
      "attachments" : [ ],
      "parameters" : [ ],
      "stepsCount" : 0,
      "attachmentsCount" : 0,
      "shouldDisplayMessage" : false,
      "hasContent" : false
    }, {
      "name" : "Verify the Page Title of the ToolsQA Landing Page",
      "time" : {
        "start" : 1641576489288,
        "stop" : 1641576489293,
        "duration" : 5
      },
      "status" : "passed",
      "steps" : [ ],
      "attachments" : [ ],
      "parameters" : [ ],
      "stepsCount" : 0,
      "attachmentsCount" : 0,
      "shouldDisplayMessage" : false,
      "hasContent" : false
    }, {
      "name" : "Open Tools QA Landing Page",
      "time" : {
        "start" : 1641576489295,
        "stop" : 1641576489793,
        "duration" : 498
      },
      "status" : "passed",
      "steps" : [ ],
      "attachments" : [ ],
      "parameters" : [ ],
      "stepsCount" : 0,
      "attachmentsCount" : 0,
      "shouldDisplayMessage" : false,
      "hasContent" : false
    }, {
      "name" : "Click on elements link for method: {0}.",
      "time" : {
        "start" : 1641576489794,
        "stop" : 1641576490388,
        "duration" : 594
      },
      "status" : "passed",
      "steps" : [ ],
      "attachments" : [ {
        "uid" : "15138fbbdb27d2f5",
        "name" : "Attachment of WebElement ChromeDriver: chrome on LINUX (b9ac36528e0646b603a56d45fc1b01ab)",
        "source" : "15138fbbdb27d2f5.png",
        "type" : "image/png",
        "size" : 1421
      } ],
      "parameters" : [ ],
      "stepsCount" : 0,
      "attachmentsCount" : 1,
      "shouldDisplayMessage" : false,
      "hasContent" : true
    }, {
      "name" : "Click on text box link for method: {0}.",
      "time" : {
        "start" : 1641576490388,
        "stop" : 1641576490690,
        "duration" : 302
      },
      "status" : "passed",
      "steps" : [ ],
      "attachments" : [ {
        "uid" : "9245fefc09b69b03",
        "name" : "Attachment of WebElement ChromeDriver: chrome on LINUX (b9ac36528e0646b603a56d45fc1b01ab)",
        "source" : "9245fefc09b69b03.png",
        "type" : "image/png",
        "size" : 1008
      } ],
      "parameters" : [ ],
      "stepsCount" : 0,
      "attachmentsCount" : 1,
      "shouldDisplayMessage" : false,
      "hasContent" : true
    }, {
      "name" : "Enter full name: bikarsha for method: setFormFullName step.",
      "time" : {
        "start" : 1641576490692,
        "stop" : 1641576490754,
        "duration" : 62
      },
      "status" : "passed",
      "steps" : [ ],
      "attachments" : [ ],
      "parameters" : [ {
        "name" : "fullName",
        "value" : "bikarsha"
      } ],
      "stepsCount" : 0,
      "attachmentsCount" : 0,
      "shouldDisplayMessage" : false,
      "hasContent" : true
    }, {
      "name" : "Enter email : bik@gmail.com for method: setFormEmailId step.",
      "time" : {
        "start" : 1641576490754,
        "stop" : 1641576490825,
        "duration" : 71
      },
      "status" : "passed",
      "steps" : [ ],
      "attachments" : [ ],
      "parameters" : [ {
        "name" : "emailId",
        "value" : "bik@gmail.com"
      } ],
      "stepsCount" : 0,
      "attachmentsCount" : 0,
      "shouldDisplayMessage" : false,
      "hasContent" : true
    }, {
      "name" : "Enter current address : currentAddress for method: setFormCurrentAddress step.",
      "time" : {
        "start" : 1641576490825,
        "stop" : 1641576490896,
        "duration" : 71
      },
      "status" : "passed",
      "steps" : [ ],
      "attachments" : [ ],
      "parameters" : [ {
        "name" : "currentAddress",
        "value" : "currentAddress"
      } ],
      "stepsCount" : 0,
      "attachmentsCount" : 0,
      "shouldDisplayMessage" : false,
      "hasContent" : true
    }, {
      "name" : "Enter permanent address : permanentAddress for method: setFormPermanentAddress step.",
      "time" : {
        "start" : 1641576490896,
        "stop" : 1641576490960,
        "duration" : 64
      },
      "status" : "passed",
      "steps" : [ ],
      "attachments" : [ ],
      "parameters" : [ {
        "name" : "permanentAddress",
        "value" : "permanentAddress"
      } ],
      "stepsCount" : 0,
      "attachmentsCount" : 0,
      "shouldDisplayMessage" : false,
      "hasContent" : true
    }, {
      "name" : "Click on submit button for method: clickOnSubmitButton step.",
      "time" : {
        "start" : 1641576490960,
        "stop" : 1641576492085,
        "duration" : 1125
      },
      "status" : "broken",
      "statusMessage" : "element click intercepted: Element <button id=\"submit\" type=\"button\" class=\"btn btn-primary\">...</button> is not clickable at point (572, 557). Other element would receive the click: <iframe id=\"google_ads_iframe_/21849154601,22343295815/Ad.Plus-Anchor_0\" title=\"3rd party ad content\" name=\"google_ads_iframe_/21849154601,22343295815/Ad.Plus-Anchor_0\" width=\"728\" height=\"90\" scrolling=\"no\" marginwidth=\"0\" marginheight=\"0\" frameborder=\"0\" role=\"region\" aria-label=\"Advertisement\" tabindex=\"0\" sandbox=\"allow-forms allow-popups allow-popups-to-escape-sandbox allow-same-origin allow-scripts allow-top-navigation-by-user-activation\" allow=\"attribution-reporting\" srcdoc=\"\" style=\"border: 0px; vertical-align: bottom;\" data-google-container-id=\"1\" data-load-complete=\"true\"></iframe>\n  (Session info: headless chrome=97.0.4692.71)\nBuild info: version: '4.1.1', revision: 'e8fcc2cecf'\nSystem info: host: 'fv-az275-504', ip: '10.1.0.188', os.name: 'Linux', os.arch: 'amd64', os.version: '5.11.0-1022-azure', java.version: '16.0.2'\nDriver info: org.openqa.selenium.chrome.ChromeDriver\nCommand: [b9ac36528e0646b603a56d45fc1b01ab, clickElement {id=9a47e8d1-204c-490f-9297-285d2eb4c53a}]\nCapabilities {acceptInsecureCerts: true, browserName: chrome, browserVersion: 97.0.4692.71, chrome: {chromedriverVersion: 96.0.4664.45 (76e4c1bb2ab46..., userDataDir: /tmp/.com.google.Chrome.Ye7WVj}, goog:chromeOptions: {debuggerAddress: localhost:37773}, javascriptEnabled: true, networkConnectionEnabled: false, pageLoadStrategy: normal, platform: LINUX, platformName: LINUX, proxy: Proxy(), se:cdp: ws://localhost:37773/devtoo..., se:cdpVersion: 97.0.4692.71, setWindowRect: true, strictFileInteractability: false, timeouts: {implicit: 0, pageLoad: 300000, script: 30000}, unhandledPromptBehavior: dismiss and notify, webauthn:extension:credBlob: true, webauthn:extension:largeBlob: true, webauthn:virtualAuthenticators: true}\nElement: [[ChromeDriver: chrome on LINUX (b9ac36528e0646b603a56d45fc1b01ab)] -> css selector: #submit]\nSession ID: b9ac36528e0646b603a56d45fc1b01ab",
      "statusTrace" : "org.openqa.selenium.ElementClickInterceptedException: element click intercepted: Element <button id=\"submit\" type=\"button\" class=\"btn btn-primary\">...</button> is not clickable at point (572, 557). Other element would receive the click: <iframe id=\"google_ads_iframe_/21849154601,22343295815/Ad.Plus-Anchor_0\" title=\"3rd party ad content\" name=\"google_ads_iframe_/21849154601,22343295815/Ad.Plus-Anchor_0\" width=\"728\" height=\"90\" scrolling=\"no\" marginwidth=\"0\" marginheight=\"0\" frameborder=\"0\" role=\"region\" aria-label=\"Advertisement\" tabindex=\"0\" sandbox=\"allow-forms allow-popups allow-popups-to-escape-sandbox allow-same-origin allow-scripts allow-top-navigation-by-user-activation\" allow=\"attribution-reporting\" srcdoc=\"\" style=\"border: 0px; vertical-align: bottom;\" data-google-container-id=\"1\" data-load-complete=\"true\"></iframe>\n  (Session info: headless chrome=97.0.4692.71)\nBuild info: version: '4.1.1', revision: 'e8fcc2cecf'\nSystem info: host: 'fv-az275-504', ip: '10.1.0.188', os.name: 'Linux', os.arch: 'amd64', os.version: '5.11.0-1022-azure', java.version: '16.0.2'\nDriver info: org.openqa.selenium.chrome.ChromeDriver\nCommand: [b9ac36528e0646b603a56d45fc1b01ab, clickElement {id=9a47e8d1-204c-490f-9297-285d2eb4c53a}]\nCapabilities {acceptInsecureCerts: true, browserName: chrome, browserVersion: 97.0.4692.71, chrome: {chromedriverVersion: 96.0.4664.45 (76e4c1bb2ab46..., userDataDir: /tmp/.com.google.Chrome.Ye7WVj}, goog:chromeOptions: {debuggerAddress: localhost:37773}, javascriptEnabled: true, networkConnectionEnabled: false, pageLoadStrategy: normal, platform: LINUX, platformName: LINUX, proxy: Proxy(), se:cdp: ws://localhost:37773/devtoo..., se:cdpVersion: 97.0.4692.71, setWindowRect: true, strictFileInteractability: false, timeouts: {implicit: 0, pageLoad: 300000, script: 30000}, unhandledPromptBehavior: dismiss and notify, webauthn:extension:credBlob: true, webauthn:extension:largeBlob: true, webauthn:virtualAuthenticators: true}\nElement: [[ChromeDriver: chrome on LINUX (b9ac36528e0646b603a56d45fc1b01ab)] -> css selector: #submit]\nSession ID: b9ac36528e0646b603a56d45fc1b01ab\n\tat java.base/jdk.internal.reflect.NativeConstructorAccessorImpl.newInstance0(Native Method)\n\tat java.base/jdk.internal.reflect.NativeConstructorAccessorImpl.newInstance(NativeConstructorAccessorImpl.java:78)\n\tat java.base/jdk.internal.reflect.DelegatingConstructorAccessorImpl.newInstance(DelegatingConstructorAccessorImpl.java:45)\n\tat java.base/java.lang.reflect.Constructor.newInstanceWithCaller(Constructor.java:499)\n\tat java.base/java.lang.reflect.Constructor.newInstance(Constructor.java:480)\n\tat org.openqa.selenium.remote.codec.w3c.W3CHttpResponseCodec.createException(W3CHttpResponseCodec.java:200)\n\tat org.openqa.selenium.remote.codec.w3c.W3CHttpResponseCodec.decode(W3CHttpResponseCodec.java:133)\n\tat org.openqa.selenium.remote.codec.w3c.W3CHttpResponseCodec.decode(W3CHttpResponseCodec.java:53)\n\tat org.openqa.selenium.remote.HttpCommandExecutor.execute(HttpCommandExecutor.java:184)\n\tat org.openqa.selenium.remote.service.DriverCommandExecutor.invokeExecute(DriverCommandExecutor.java:167)\n\tat org.openqa.selenium.remote.service.DriverCommandExecutor.execute(DriverCommandExecutor.java:142)\n\tat org.openqa.selenium.remote.RemoteWebDriver.execute(RemoteWebDriver.java:543)\n\tat org.openqa.selenium.remote.RemoteWebElement.execute(RemoteWebElement.java:251)\n\tat org.openqa.selenium.remote.RemoteWebElement.click(RemoteWebElement.java:77)\n\tat java.base/jdk.internal.reflect.NativeMethodAccessorImpl.invoke0(Native Method)\n\tat java.base/jdk.internal.reflect.NativeMethodAccessorImpl.invoke(NativeMethodAccessorImpl.java:78)\n\tat java.base/jdk.internal.reflect.DelegatingMethodAccessorImpl.invoke(DelegatingMethodAccessorImpl.java:43)\n\tat java.base/java.lang.reflect.Method.invoke(Method.java:567)\n\tat org.openqa.selenium.support.pagefactory.internal.LocatingElementHandler.invoke(LocatingElementHandler.java:52)\n\tat jdk.proxy2/jdk.proxy2.$Proxy32.click(Unknown Source)\n\tat pageObjects.pages.toolsqa.elements.TextBoxPage.clickOnSubmitButton(TextBoxPage.java:81)\n\tat tests.toolsqa.elements.TextBoxTest.testToolsQAElementsTextBox(TextBoxTest.java:36)\n\tat java.base/jdk.internal.reflect.NativeMethodAccessorImpl.invoke0(Native Method)\n\tat java.base/jdk.internal.reflect.NativeMethodAccessorImpl.invoke(NativeMethodAccessorImpl.java:78)\n\tat java.base/jdk.internal.reflect.DelegatingMethodAccessorImpl.invoke(DelegatingMethodAccessorImpl.java:43)\n\tat java.base/java.lang.reflect.Method.invoke(Method.java:567)\n\tat org.testng.internal.MethodInvocationHelper.invokeMethod(MethodInvocationHelper.java:134)\n\tat org.testng.internal.TestInvoker.invokeMethod(TestInvoker.java:597)\n\tat org.testng.internal.TestInvoker.invokeTestMethod(TestInvoker.java:173)\n\tat org.testng.internal.MethodRunner.runInSequence(MethodRunner.java:46)\n\tat org.testng.internal.TestInvoker$MethodInvocationAgent.invoke(TestInvoker.java:816)\n\tat org.testng.internal.TestInvoker.invokeTestMethods(TestInvoker.java:146)\n\tat org.testng.internal.TestMethodWorker.invokeTestMethods(TestMethodWorker.java:146)\n\tat org.testng.internal.TestMethodWorker.run(TestMethodWorker.java:128)\n\tat java.base/java.util.ArrayList.forEach(ArrayList.java:1511)\n\tat org.testng.TestRunner.privateRun(TestRunner.java:766)\n\tat org.testng.TestRunner.run(TestRunner.java:587)\n\tat org.testng.SuiteRunner.runTest(SuiteRunner.java:384)\n\tat org.testng.SuiteRunner.runSequentially(SuiteRunner.java:378)\n\tat org.testng.SuiteRunner.privateRun(SuiteRunner.java:337)\n\tat org.testng.SuiteRunner.run(SuiteRunner.java:286)\n\tat org.testng.SuiteRunnerWorker.runSuite(SuiteRunnerWorker.java:53)\n\tat org.testng.SuiteRunnerWorker.run(SuiteRunnerWorker.java:96)\n\tat java.base/java.util.concurrent.ThreadPoolExecutor.runWorker(ThreadPoolExecutor.java:1130)\n\tat java.base/java.util.concurrent.ThreadPoolExecutor$Worker.run(ThreadPoolExecutor.java:630)\n\tat java.base/java.lang.Thread.run(Thread.java:831)\n",
      "steps" : [ ],
      "attachments" : [ ],
      "parameters" : [ ],
      "stepsCount" : 0,
      "attachmentsCount" : 0,
      "shouldDisplayMessage" : true,
      "hasContent" : true
    } ],
    "attachments" : [ ],
    "parameters" : [ ],
    "stepsCount" : 10,
    "attachmentsCount" : 2,
    "shouldDisplayMessage" : false,
    "hasContent" : true
  },
  "afterStages" : [ {
    "name" : "afterMethod",
    "time" : {
      "start" : 1641576492112,
      "stop" : 1641576494221,
      "duration" : 2109
    },
    "description" : "",
    "status" : "passed",
    "steps" : [ ],
    "attachments" : [ ],
    "parameters" : [ ],
    "stepsCount" : 0,
    "attachmentsCount" : 0,
    "shouldDisplayMessage" : false,
    "hasContent" : false
  } ],
  "labels" : [ {
    "name" : "package",
    "value" : "tests.toolsqa.elements.TextBoxTest"
  }, {
    "name" : "testClass",
    "value" : "tests.toolsqa.elements.TextBoxTest"
  }, {
    "name" : "testMethod",
    "value" : "testToolsQAElementsTextBox"
  }, {
    "name" : "parentSuite",
    "value" : "ToolsQA"
  }, {
    "name" : "suite",
    "value" : "TextBox"
  }, {
    "name" : "subSuite",
    "value" : "tests.toolsqa.elements.TextBoxTest"
  }, {
    "name" : "host",
    "value" : "fv-az275-504"
  }, {
    "name" : "thread",
    "value" : "3710@fv-az275-504.TestNG-suites-1(15)"
  }, {
    "name" : "framework",
    "value" : "testng"
  }, {
    "name" : "language",
    "value" : "java"
  }, {
    "name" : "feature",
    "value" : "TestBox Tests"
  }, {
    "name" : "epic",
    "value" : "Elements Tests"
  }, {
    "name" : "severity",
    "value" : "critical"
  }, {
    "name" : "resultFormat",
    "value" : "allure2"
  } ],
  "parameters" : [ {
    "name" : "arg0",
    "value" : "bikarsha"
  }, {
    "name" : "arg1",
    "value" : "bik@gmail.com"
  }, {
    "name" : "arg2",
    "value" : "currentAddress"
  }, {
    "name" : "arg3",
    "value" : "permanentAddress"
  }, {
    "name" : "currentAddress",
    "value" : "currentAddress1"
  }, {
    "name" : "permanentAddress",
    "value" : "permanentAddress1"
  }, {
    "name" : "userEmail",
    "value" : "mfg@gmail.com"
  }, {
    "name" : "userName",
    "value" : "bik"
  } ],
  "links" : [ ],
  "hidden" : true,
  "retry" : true,
  "extra" : {
    "categories" : [ ],
    "tags" : [ ]
  },
  "source" : "91171be36d3fc834.json",
  "parameterValues" : [ "bikarsha", "bik@gmail.com", "currentAddress", "permanentAddress", "currentAddress1", "permanentAddress1", "mfg@gmail.com", "bik" ]
}