{
  "uid" : "b0cd5e62ee8adb63",
  "name" : "Validate the behaviour of different combinations of text box details",
  "fullName" : "tests.toolsqa.elements.TextBoxTest.testToolsQAElementsTextBox",
  "historyId" : "bf012043a8d8af93986922f48239bec9",
  "time" : {
    "start" : 1641576494397,
    "stop" : 1641576499627,
    "duration" : 5230
  },
  "description" : "Test Description: Login test with different combinations of username and password",
  "descriptionHtml" : "<p>Test Description: Login test with different combinations of username and password</p>\n",
  "status" : "broken",
  "statusMessage" : "element click intercepted: Element <button id=\"submit\" type=\"button\" class=\"btn btn-primary\">...</button> is not clickable at point (572, 557). Other element would receive the click: <iframe id=\"google_ads_iframe_/21849154601,22343295815/Ad.Plus-Anchor_0\" title=\"3rd party ad content\" name=\"google_ads_iframe_/21849154601,22343295815/Ad.Plus-Anchor_0\" width=\"728\" height=\"90\" scrolling=\"no\" marginwidth=\"0\" marginheight=\"0\" frameborder=\"0\" role=\"region\" aria-label=\"Advertisement\" tabindex=\"0\" sandbox=\"allow-forms allow-popups allow-popups-to-escape-sandbox allow-same-origin allow-scripts allow-top-navigation-by-user-activation\" allow=\"attribution-reporting\" srcdoc=\"\" data-google-container-id=\"1\" style=\"border: 0px; vertical-align: bottom;\" data-load-complete=\"true\"></iframe>\n  (Session info: headless chrome=97.0.4692.71)\nBuild info: version: '4.1.1', revision: 'e8fcc2cecf'\nSystem info: host: 'fv-az275-504', ip: '10.1.0.188', os.name: 'Linux', os.arch: 'amd64', os.version: '5.11.0-1022-azure', java.version: '16.0.2'\nDriver info: org.openqa.selenium.chrome.ChromeDriver\nCommand: [853f13a7c05d5c65b3d082207ceceabe, clickElement {id=b9eaad0c-cf6a-47f4-b9d0-93885058ffd3}]\nCapabilities {acceptInsecureCerts: true, browserName: chrome, browserVersion: 97.0.4692.71, chrome: {chromedriverVersion: 96.0.4664.45 (76e4c1bb2ab46..., userDataDir: /tmp/.com.google.Chrome.2396CE}, goog:chromeOptions: {debuggerAddress: localhost:40809}, javascriptEnabled: true, networkConnectionEnabled: false, pageLoadStrategy: normal, platform: LINUX, platformName: LINUX, proxy: Proxy(), se:cdp: ws://localhost:40809/devtoo..., se:cdpVersion: 97.0.4692.71, setWindowRect: true, strictFileInteractability: false, timeouts: {implicit: 0, pageLoad: 300000, script: 30000}, unhandledPromptBehavior: dismiss and notify, webauthn:extension:credBlob: true, webauthn:extension:largeBlob: true, webauthn:virtualAuthenticators: true}\nElement: [[ChromeDriver: chrome on LINUX (853f13a7c05d5c65b3d082207ceceabe)] -> css selector: #submit]\nSession ID: 853f13a7c05d5c65b3d082207ceceabe",
  "statusTrace" : "org.openqa.selenium.ElementClickInterceptedException: element click intercepted: Element <button id=\"submit\" type=\"button\" class=\"btn btn-primary\">...</button> is not clickable at point (572, 557). Other element would receive the click: <iframe id=\"google_ads_iframe_/21849154601,22343295815/Ad.Plus-Anchor_0\" title=\"3rd party ad content\" name=\"google_ads_iframe_/21849154601,22343295815/Ad.Plus-Anchor_0\" width=\"728\" height=\"90\" scrolling=\"no\" marginwidth=\"0\" marginheight=\"0\" frameborder=\"0\" role=\"region\" aria-label=\"Advertisement\" tabindex=\"0\" sandbox=\"allow-forms allow-popups allow-popups-to-escape-sandbox allow-same-origin allow-scripts allow-top-navigation-by-user-activation\" allow=\"attribution-reporting\" srcdoc=\"\" data-google-container-id=\"1\" style=\"border: 0px; vertical-align: bottom;\" data-load-complete=\"true\"></iframe>\n  (Session info: headless chrome=97.0.4692.71)\nBuild info: version: '4.1.1', revision: 'e8fcc2cecf'\nSystem info: host: 'fv-az275-504', ip: '10.1.0.188', os.name: 'Linux', os.arch: 'amd64', os.version: '5.11.0-1022-azure', java.version: '16.0.2'\nDriver info: org.openqa.selenium.chrome.ChromeDriver\nCommand: [853f13a7c05d5c65b3d082207ceceabe, clickElement {id=b9eaad0c-cf6a-47f4-b9d0-93885058ffd3}]\nCapabilities {acceptInsecureCerts: true, browserName: chrome, browserVersion: 97.0.4692.71, chrome: {chromedriverVersion: 96.0.4664.45 (76e4c1bb2ab46..., userDataDir: /tmp/.com.google.Chrome.2396CE}, goog:chromeOptions: {debuggerAddress: localhost:40809}, javascriptEnabled: true, networkConnectionEnabled: false, pageLoadStrategy: normal, platform: LINUX, platformName: LINUX, proxy: Proxy(), se:cdp: ws://localhost:40809/devtoo..., se:cdpVersion: 97.0.4692.71, setWindowRect: true, strictFileInteractability: false, timeouts: {implicit: 0, pageLoad: 300000, script: 30000}, unhandledPromptBehavior: dismiss and notify, webauthn:extension:credBlob: true, webauthn:extension:largeBlob: true, webauthn:virtualAuthenticators: true}\nElement: [[ChromeDriver: chrome on LINUX (853f13a7c05d5c65b3d082207ceceabe)] -> css selector: #submit]\nSession ID: 853f13a7c05d5c65b3d082207ceceabe\n\tat java.base/jdk.internal.reflect.NativeConstructorAccessorImpl.newInstance0(Native Method)\n\tat java.base/jdk.internal.reflect.NativeConstructorAccessorImpl.newInstance(NativeConstructorAccessorImpl.java:78)\n\tat java.base/jdk.internal.reflect.DelegatingConstructorAccessorImpl.newInstance(DelegatingConstructorAccessorImpl.java:45)\n\tat java.base/java.lang.reflect.Constructor.newInstanceWithCaller(Constructor.java:499)\n\tat java.base/java.lang.reflect.Constructor.newInstance(Constructor.java:480)\n\tat org.openqa.selenium.remote.codec.w3c.W3CHttpResponseCodec.createException(W3CHttpResponseCodec.java:200)\n\tat org.openqa.selenium.remote.codec.w3c.W3CHttpResponseCodec.decode(W3CHttpResponseCodec.java:133)\n\tat org.openqa.selenium.remote.codec.w3c.W3CHttpResponseCodec.decode(W3CHttpResponseCodec.java:53)\n\tat org.openqa.selenium.remote.HttpCommandExecutor.execute(HttpCommandExecutor.java:184)\n\tat org.openqa.selenium.remote.service.DriverCommandExecutor.invokeExecute(DriverCommandExecutor.java:167)\n\tat org.openqa.selenium.remote.service.DriverCommandExecutor.execute(DriverCommandExecutor.java:142)\n\tat org.openqa.selenium.remote.RemoteWebDriver.execute(RemoteWebDriver.java:543)\n\tat org.openqa.selenium.remote.RemoteWebElement.execute(RemoteWebElement.java:251)\n\tat org.openqa.selenium.remote.RemoteWebElement.click(RemoteWebElement.java:77)\n\tat java.base/jdk.internal.reflect.NativeMethodAccessorImpl.invoke0(Native Method)\n\tat java.base/jdk.internal.reflect.NativeMethodAccessorImpl.invoke(NativeMethodAccessorImpl.java:78)\n\tat java.base/jdk.internal.reflect.DelegatingMethodAccessorImpl.invoke(DelegatingMethodAccessorImpl.java:43)\n\tat java.base/java.lang.reflect.Method.invoke(Method.java:567)\n\tat org.openqa.selenium.support.pagefactory.internal.LocatingElementHandler.invoke(LocatingElementHandler.java:52)\n\tat jdk.proxy2/jdk.proxy2.$Proxy32.click(Unknown Source)\n\tat pageObjects.pages.toolsqa.elements.TextBoxPage.clickOnSubmitButton(TextBoxPage.java:81)\n\tat tests.toolsqa.elements.TextBoxTest.testToolsQAElementsTextBox(TextBoxTest.java:36)\n\tat java.base/jdk.internal.reflect.NativeMethodAccessorImpl.invoke0(Native Method)\n\tat java.base/jdk.internal.reflect.NativeMethodAccessorImpl.invoke(NativeMethodAccessorImpl.java:78)\n\tat java.base/jdk.internal.reflect.DelegatingMethodAccessorImpl.invoke(DelegatingMethodAccessorImpl.java:43)\n\tat java.base/java.lang.reflect.Method.invoke(Method.java:567)\n\tat org.testng.internal.MethodInvocationHelper.invokeMethod(MethodInvocationHelper.java:134)\n\tat org.testng.internal.TestInvoker.invokeMethod(TestInvoker.java:597)\n\tat org.testng.internal.TestInvoker.retryFailed(TestInvoker.java:213)\n\tat org.testng.internal.MethodRunner.runInSequence(MethodRunner.java:58)\n\tat org.testng.internal.TestInvoker$MethodInvocationAgent.invoke(TestInvoker.java:816)\n\tat org.testng.internal.TestInvoker.invokeTestMethods(TestInvoker.java:146)\n\tat org.testng.internal.TestMethodWorker.invokeTestMethods(TestMethodWorker.java:146)\n\tat org.testng.internal.TestMethodWorker.run(TestMethodWorker.java:128)\n\tat java.base/java.util.ArrayList.forEach(ArrayList.java:1511)\n\tat org.testng.TestRunner.privateRun(TestRunner.java:766)\n\tat org.testng.TestRunner.run(TestRunner.java:587)\n\tat org.testng.SuiteRunner.runTest(SuiteRunner.java:384)\n\tat org.testng.SuiteRunner.runSequentially(SuiteRunner.java:378)\n\tat org.testng.SuiteRunner.privateRun(SuiteRunner.java:337)\n\tat org.testng.SuiteRunner.run(SuiteRunner.java:286)\n\tat org.testng.SuiteRunnerWorker.runSuite(SuiteRunnerWorker.java:53)\n\tat org.testng.SuiteRunnerWorker.run(SuiteRunnerWorker.java:96)\n\tat java.base/java.util.concurrent.ThreadPoolExecutor.runWorker(ThreadPoolExecutor.java:1130)\n\tat java.base/java.util.concurrent.ThreadPoolExecutor$Worker.run(ThreadPoolExecutor.java:630)\n\tat java.base/java.lang.Thread.run(Thread.java:831)\n",
  "flaky" : false,
  "newFailed" : false,
  "beforeStages" : [ {
    "name" : "suiteSetup",
    "time" : {
      "start" : 1641576484144,
      "stop" : 1641576484570,
      "duration" : 426
    },
    "description" : "",
    "status" : "passed",
    "steps" : [ ],
    "attachments" : [ ],
    "parameters" : [ ],
    "stepsCount" : 0,
    "attachmentsCount" : 0,
    "shouldDisplayMessage" : false,
    "hasContent" : false
  }, {
    "name" : "beforeMethod",
    "time" : {
      "start" : 1641576494223,
      "stop" : 1641576494394,
      "duration" : 171
    },
    "description" : "",
    "status" : "passed",
    "steps" : [ ],
    "attachments" : [ ],
    "parameters" : [ ],
    "stepsCount" : 0,
    "attachmentsCount" : 0,
    "shouldDisplayMessage" : false,
    "hasContent" : false
  } ],
  "testStage" : {
    "description" : "Test Description: Login test with different combinations of username and password",
    "status" : "broken",
    "statusMessage" : "element click intercepted: Element <button id=\"submit\" type=\"button\" class=\"btn btn-primary\">...</button> is not clickable at point (572, 557). Other element would receive the click: <iframe id=\"google_ads_iframe_/21849154601,22343295815/Ad.Plus-Anchor_0\" title=\"3rd party ad content\" name=\"google_ads_iframe_/21849154601,22343295815/Ad.Plus-Anchor_0\" width=\"728\" height=\"90\" scrolling=\"no\" marginwidth=\"0\" marginheight=\"0\" frameborder=\"0\" role=\"region\" aria-label=\"Advertisement\" tabindex=\"0\" sandbox=\"allow-forms allow-popups allow-popups-to-escape-sandbox allow-same-origin allow-scripts allow-top-navigation-by-user-activation\" allow=\"attribution-reporting\" srcdoc=\"\" data-google-container-id=\"1\" style=\"border: 0px; vertical-align: bottom;\" data-load-complete=\"true\"></iframe>\n  (Session info: headless chrome=97.0.4692.71)\nBuild info: version: '4.1.1', revision: 'e8fcc2cecf'\nSystem info: host: 'fv-az275-504', ip: '10.1.0.188', os.name: 'Linux', os.arch: 'amd64', os.version: '5.11.0-1022-azure', java.version: '16.0.2'\nDriver info: org.openqa.selenium.chrome.ChromeDriver\nCommand: [853f13a7c05d5c65b3d082207ceceabe, clickElement {id=b9eaad0c-cf6a-47f4-b9d0-93885058ffd3}]\nCapabilities {acceptInsecureCerts: true, browserName: chrome, browserVersion: 97.0.4692.71, chrome: {chromedriverVersion: 96.0.4664.45 (76e4c1bb2ab46..., userDataDir: /tmp/.com.google.Chrome.2396CE}, goog:chromeOptions: {debuggerAddress: localhost:40809}, javascriptEnabled: true, networkConnectionEnabled: false, pageLoadStrategy: normal, platform: LINUX, platformName: LINUX, proxy: Proxy(), se:cdp: ws://localhost:40809/devtoo..., se:cdpVersion: 97.0.4692.71, setWindowRect: true, strictFileInteractability: false, timeouts: {implicit: 0, pageLoad: 300000, script: 30000}, unhandledPromptBehavior: dismiss and notify, webauthn:extension:credBlob: true, webauthn:extension:largeBlob: true, webauthn:virtualAuthenticators: true}\nElement: [[ChromeDriver: chrome on LINUX (853f13a7c05d5c65b3d082207ceceabe)] -> css selector: #submit]\nSession ID: 853f13a7c05d5c65b3d082207ceceabe",
    "statusTrace" : "org.openqa.selenium.ElementClickInterceptedException: element click intercepted: Element <button id=\"submit\" type=\"button\" class=\"btn btn-primary\">...</button> is not clickable at point (572, 557). Other element would receive the click: <iframe id=\"google_ads_iframe_/21849154601,22343295815/Ad.Plus-Anchor_0\" title=\"3rd party ad content\" name=\"google_ads_iframe_/21849154601,22343295815/Ad.Plus-Anchor_0\" width=\"728\" height=\"90\" scrolling=\"no\" marginwidth=\"0\" marginheight=\"0\" frameborder=\"0\" role=\"region\" aria-label=\"Advertisement\" tabindex=\"0\" sandbox=\"allow-forms allow-popups allow-popups-to-escape-sandbox allow-same-origin allow-scripts allow-top-navigation-by-user-activation\" allow=\"attribution-reporting\" srcdoc=\"\" data-google-container-id=\"1\" style=\"border: 0px; vertical-align: bottom;\" data-load-complete=\"true\"></iframe>\n  (Session info: headless chrome=97.0.4692.71)\nBuild info: version: '4.1.1', revision: 'e8fcc2cecf'\nSystem info: host: 'fv-az275-504', ip: '10.1.0.188', os.name: 'Linux', os.arch: 'amd64', os.version: '5.11.0-1022-azure', java.version: '16.0.2'\nDriver info: org.openqa.selenium.chrome.ChromeDriver\nCommand: [853f13a7c05d5c65b3d082207ceceabe, clickElement {id=b9eaad0c-cf6a-47f4-b9d0-93885058ffd3}]\nCapabilities {acceptInsecureCerts: true, browserName: chrome, browserVersion: 97.0.4692.71, chrome: {chromedriverVersion: 96.0.4664.45 (76e4c1bb2ab46..., userDataDir: /tmp/.com.google.Chrome.2396CE}, goog:chromeOptions: {debuggerAddress: localhost:40809}, javascriptEnabled: true, networkConnectionEnabled: false, pageLoadStrategy: normal, platform: LINUX, platformName: LINUX, proxy: Proxy(), se:cdp: ws://localhost:40809/devtoo..., se:cdpVersion: 97.0.4692.71, setWindowRect: true, strictFileInteractability: false, timeouts: {implicit: 0, pageLoad: 300000, script: 30000}, unhandledPromptBehavior: dismiss and notify, webauthn:extension:credBlob: true, webauthn:extension:largeBlob: true, webauthn:virtualAuthenticators: true}\nElement: [[ChromeDriver: chrome on LINUX (853f13a7c05d5c65b3d082207ceceabe)] -> css selector: #submit]\nSession ID: 853f13a7c05d5c65b3d082207ceceabe\n\tat java.base/jdk.internal.reflect.NativeConstructorAccessorImpl.newInstance0(Native Method)\n\tat java.base/jdk.internal.reflect.NativeConstructorAccessorImpl.newInstance(NativeConstructorAccessorImpl.java:78)\n\tat java.base/jdk.internal.reflect.DelegatingConstructorAccessorImpl.newInstance(DelegatingConstructorAccessorImpl.java:45)\n\tat java.base/java.lang.reflect.Constructor.newInstanceWithCaller(Constructor.java:499)\n\tat java.base/java.lang.reflect.Constructor.newInstance(Constructor.java:480)\n\tat org.openqa.selenium.remote.codec.w3c.W3CHttpResponseCodec.createException(W3CHttpResponseCodec.java:200)\n\tat org.openqa.selenium.remote.codec.w3c.W3CHttpResponseCodec.decode(W3CHttpResponseCodec.java:133)\n\tat org.openqa.selenium.remote.codec.w3c.W3CHttpResponseCodec.decode(W3CHttpResponseCodec.java:53)\n\tat org.openqa.selenium.remote.HttpCommandExecutor.execute(HttpCommandExecutor.java:184)\n\tat org.openqa.selenium.remote.service.DriverCommandExecutor.invokeExecute(DriverCommandExecutor.java:167)\n\tat org.openqa.selenium.remote.service.DriverCommandExecutor.execute(DriverCommandExecutor.java:142)\n\tat org.openqa.selenium.remote.RemoteWebDriver.execute(RemoteWebDriver.java:543)\n\tat org.openqa.selenium.remote.RemoteWebElement.execute(RemoteWebElement.java:251)\n\tat org.openqa.selenium.remote.RemoteWebElement.click(RemoteWebElement.java:77)\n\tat java.base/jdk.internal.reflect.NativeMethodAccessorImpl.invoke0(Native Method)\n\tat java.base/jdk.internal.reflect.NativeMethodAccessorImpl.invoke(NativeMethodAccessorImpl.java:78)\n\tat java.base/jdk.internal.reflect.DelegatingMethodAccessorImpl.invoke(DelegatingMethodAccessorImpl.java:43)\n\tat java.base/java.lang.reflect.Method.invoke(Method.java:567)\n\tat org.openqa.selenium.support.pagefactory.internal.LocatingElementHandler.invoke(LocatingElementHandler.java:52)\n\tat jdk.proxy2/jdk.proxy2.$Proxy32.click(Unknown Source)\n\tat pageObjects.pages.toolsqa.elements.TextBoxPage.clickOnSubmitButton(TextBoxPage.java:81)\n\tat tests.toolsqa.elements.TextBoxTest.testToolsQAElementsTextBox(TextBoxTest.java:36)\n\tat java.base/jdk.internal.reflect.NativeMethodAccessorImpl.invoke0(Native Method)\n\tat java.base/jdk.internal.reflect.NativeMethodAccessorImpl.invoke(NativeMethodAccessorImpl.java:78)\n\tat java.base/jdk.internal.reflect.DelegatingMethodAccessorImpl.invoke(DelegatingMethodAccessorImpl.java:43)\n\tat java.base/java.lang.reflect.Method.invoke(Method.java:567)\n\tat org.testng.internal.MethodInvocationHelper.invokeMethod(MethodInvocationHelper.java:134)\n\tat org.testng.internal.TestInvoker.invokeMethod(TestInvoker.java:597)\n\tat org.testng.internal.TestInvoker.retryFailed(TestInvoker.java:213)\n\tat org.testng.internal.MethodRunner.runInSequence(MethodRunner.java:58)\n\tat org.testng.internal.TestInvoker$MethodInvocationAgent.invoke(TestInvoker.java:816)\n\tat org.testng.internal.TestInvoker.invokeTestMethods(TestInvoker.java:146)\n\tat org.testng.internal.TestMethodWorker.invokeTestMethods(TestMethodWorker.java:146)\n\tat org.testng.internal.TestMethodWorker.run(TestMethodWorker.java:128)\n\tat java.base/java.util.ArrayList.forEach(ArrayList.java:1511)\n\tat org.testng.TestRunner.privateRun(TestRunner.java:766)\n\tat org.testng.TestRunner.run(TestRunner.java:587)\n\tat org.testng.SuiteRunner.runTest(SuiteRunner.java:384)\n\tat org.testng.SuiteRunner.runSequentially(SuiteRunner.java:378)\n\tat org.testng.SuiteRunner.privateRun(SuiteRunner.java:337)\n\tat org.testng.SuiteRunner.run(SuiteRunner.java:286)\n\tat org.testng.SuiteRunnerWorker.runSuite(SuiteRunnerWorker.java:53)\n\tat org.testng.SuiteRunnerWorker.run(SuiteRunnerWorker.java:96)\n\tat java.base/java.util.concurrent.ThreadPoolExecutor.runWorker(ThreadPoolExecutor.java:1130)\n\tat java.base/java.util.concurrent.ThreadPoolExecutor$Worker.run(ThreadPoolExecutor.java:630)\n\tat java.base/java.lang.Thread.run(Thread.java:831)\n",
    "steps" : [ {
      "name" : "Open Tools QA Landing Page",
      "time" : {
        "start" : 1641576494397,
        "stop" : 1641576496959,
        "duration" : 2562
      },
      "status" : "passed",
      "steps" : [ ],
      "attachments" : [ ],
      "parameters" : [ ],
      "stepsCount" : 0,
      "attachmentsCount" : 0,
      "shouldDisplayMessage" : false,
      "hasContent" : false
    }, {
      "name" : "Verify the Page Title of the ToolsQA Landing Page",
      "time" : {
        "start" : 1641576496959,
        "stop" : 1641576496966,
        "duration" : 7
      },
      "status" : "passed",
      "steps" : [ ],
      "attachments" : [ ],
      "parameters" : [ ],
      "stepsCount" : 0,
      "attachmentsCount" : 0,
      "shouldDisplayMessage" : false,
      "hasContent" : false
    }, {
      "name" : "Open Tools QA Landing Page",
      "time" : {
        "start" : 1641576496966,
        "stop" : 1641576497458,
        "duration" : 492
      },
      "status" : "passed",
      "steps" : [ ],
      "attachments" : [ ],
      "parameters" : [ ],
      "stepsCount" : 0,
      "attachmentsCount" : 0,
      "shouldDisplayMessage" : false,
      "hasContent" : false
    }, {
      "name" : "Click on elements link for method: {0}.",
      "time" : {
        "start" : 1641576497458,
        "stop" : 1641576497953,
        "duration" : 495
      },
      "status" : "passed",
      "steps" : [ ],
      "attachments" : [ {
        "uid" : "1ea75bbab83f06d4",
        "name" : "Attachment of WebElement ChromeDriver: chrome on LINUX (853f13a7c05d5c65b3d082207ceceabe)",
        "source" : "1ea75bbab83f06d4.png",
        "type" : "image/png",
        "size" : 1421
      } ],
      "parameters" : [ ],
      "stepsCount" : 0,
      "attachmentsCount" : 1,
      "shouldDisplayMessage" : false,
      "hasContent" : true
    }, {
      "name" : "Click on text box link for method: {0}.",
      "time" : {
        "start" : 1641576497953,
        "stop" : 1641576498225,
        "duration" : 272
      },
      "status" : "passed",
      "steps" : [ ],
      "attachments" : [ {
        "uid" : "9d40d2301b5f6174",
        "name" : "Attachment of WebElement ChromeDriver: chrome on LINUX (853f13a7c05d5c65b3d082207ceceabe)",
        "source" : "9d40d2301b5f6174.png",
        "type" : "image/png",
        "size" : 1008
      } ],
      "parameters" : [ ],
      "stepsCount" : 0,
      "attachmentsCount" : 1,
      "shouldDisplayMessage" : false,
      "hasContent" : true
    }, {
      "name" : "Enter full name: bikarsha for method: setFormFullName step.",
      "time" : {
        "start" : 1641576498226,
        "stop" : 1641576498287,
        "duration" : 61
      },
      "status" : "passed",
      "steps" : [ ],
      "attachments" : [ ],
      "parameters" : [ {
        "name" : "fullName",
        "value" : "bikarsha"
      } ],
      "stepsCount" : 0,
      "attachmentsCount" : 0,
      "shouldDisplayMessage" : false,
      "hasContent" : true
    }, {
      "name" : "Enter email : bik@gmail.com for method: setFormEmailId step.",
      "time" : {
        "start" : 1641576498288,
        "stop" : 1641576498353,
        "duration" : 65
      },
      "status" : "passed",
      "steps" : [ ],
      "attachments" : [ ],
      "parameters" : [ {
        "name" : "emailId",
        "value" : "bik@gmail.com"
      } ],
      "stepsCount" : 0,
      "attachmentsCount" : 0,
      "shouldDisplayMessage" : false,
      "hasContent" : true
    }, {
      "name" : "Enter current address : currentAddress for method: setFormCurrentAddress step.",
      "time" : {
        "start" : 1641576498354,
        "stop" : 1641576498436,
        "duration" : 82
      },
      "status" : "passed",
      "steps" : [ ],
      "attachments" : [ ],
      "parameters" : [ {
        "name" : "currentAddress",
        "value" : "currentAddress"
      } ],
      "stepsCount" : 0,
      "attachmentsCount" : 0,
      "shouldDisplayMessage" : false,
      "hasContent" : true
    }, {
      "name" : "Enter permanent address : permanentAddress for method: setFormPermanentAddress step.",
      "time" : {
        "start" : 1641576498436,
        "stop" : 1641576498504,
        "duration" : 68
      },
      "status" : "passed",
      "steps" : [ ],
      "attachments" : [ ],
      "parameters" : [ {
        "name" : "permanentAddress",
        "value" : "permanentAddress"
      } ],
      "stepsCount" : 0,
      "attachmentsCount" : 0,
      "shouldDisplayMessage" : false,
      "hasContent" : true
    }, {
      "name" : "Click on submit button for method: clickOnSubmitButton step.",
      "time" : {
        "start" : 1641576498504,
        "stop" : 1641576499616,
        "duration" : 1112
      },
      "status" : "broken",
      "statusMessage" : "element click intercepted: Element <button id=\"submit\" type=\"button\" class=\"btn btn-primary\">...</button> is not clickable at point (572, 557). Other element would receive the click: <iframe id=\"google_ads_iframe_/21849154601,22343295815/Ad.Plus-Anchor_0\" title=\"3rd party ad content\" name=\"google_ads_iframe_/21849154601,22343295815/Ad.Plus-Anchor_0\" width=\"728\" height=\"90\" scrolling=\"no\" marginwidth=\"0\" marginheight=\"0\" frameborder=\"0\" role=\"region\" aria-label=\"Advertisement\" tabindex=\"0\" sandbox=\"allow-forms allow-popups allow-popups-to-escape-sandbox allow-same-origin allow-scripts allow-top-navigation-by-user-activation\" allow=\"attribution-reporting\" srcdoc=\"\" data-google-container-id=\"1\" style=\"border: 0px; vertical-align: bottom;\" data-load-complete=\"true\"></iframe>\n  (Session info: headless chrome=97.0.4692.71)\nBuild info: version: '4.1.1', revision: 'e8fcc2cecf'\nSystem info: host: 'fv-az275-504', ip: '10.1.0.188', os.name: 'Linux', os.arch: 'amd64', os.version: '5.11.0-1022-azure', java.version: '16.0.2'\nDriver info: org.openqa.selenium.chrome.ChromeDriver\nCommand: [853f13a7c05d5c65b3d082207ceceabe, clickElement {id=b9eaad0c-cf6a-47f4-b9d0-93885058ffd3}]\nCapabilities {acceptInsecureCerts: true, browserName: chrome, browserVersion: 97.0.4692.71, chrome: {chromedriverVersion: 96.0.4664.45 (76e4c1bb2ab46..., userDataDir: /tmp/.com.google.Chrome.2396CE}, goog:chromeOptions: {debuggerAddress: localhost:40809}, javascriptEnabled: true, networkConnectionEnabled: false, pageLoadStrategy: normal, platform: LINUX, platformName: LINUX, proxy: Proxy(), se:cdp: ws://localhost:40809/devtoo..., se:cdpVersion: 97.0.4692.71, setWindowRect: true, strictFileInteractability: false, timeouts: {implicit: 0, pageLoad: 300000, script: 30000}, unhandledPromptBehavior: dismiss and notify, webauthn:extension:credBlob: true, webauthn:extension:largeBlob: true, webauthn:virtualAuthenticators: true}\nElement: [[ChromeDriver: chrome on LINUX (853f13a7c05d5c65b3d082207ceceabe)] -> css selector: #submit]\nSession ID: 853f13a7c05d5c65b3d082207ceceabe",
      "statusTrace" : "org.openqa.selenium.ElementClickInterceptedException: element click intercepted: Element <button id=\"submit\" type=\"button\" class=\"btn btn-primary\">...</button> is not clickable at point (572, 557). Other element would receive the click: <iframe id=\"google_ads_iframe_/21849154601,22343295815/Ad.Plus-Anchor_0\" title=\"3rd party ad content\" name=\"google_ads_iframe_/21849154601,22343295815/Ad.Plus-Anchor_0\" width=\"728\" height=\"90\" scrolling=\"no\" marginwidth=\"0\" marginheight=\"0\" frameborder=\"0\" role=\"region\" aria-label=\"Advertisement\" tabindex=\"0\" sandbox=\"allow-forms allow-popups allow-popups-to-escape-sandbox allow-same-origin allow-scripts allow-top-navigation-by-user-activation\" allow=\"attribution-reporting\" srcdoc=\"\" data-google-container-id=\"1\" style=\"border: 0px; vertical-align: bottom;\" data-load-complete=\"true\"></iframe>\n  (Session info: headless chrome=97.0.4692.71)\nBuild info: version: '4.1.1', revision: 'e8fcc2cecf'\nSystem info: host: 'fv-az275-504', ip: '10.1.0.188', os.name: 'Linux', os.arch: 'amd64', os.version: '5.11.0-1022-azure', java.version: '16.0.2'\nDriver info: org.openqa.selenium.chrome.ChromeDriver\nCommand: [853f13a7c05d5c65b3d082207ceceabe, clickElement {id=b9eaad0c-cf6a-47f4-b9d0-93885058ffd3}]\nCapabilities {acceptInsecureCerts: true, browserName: chrome, browserVersion: 97.0.4692.71, chrome: {chromedriverVersion: 96.0.4664.45 (76e4c1bb2ab46..., userDataDir: /tmp/.com.google.Chrome.2396CE}, goog:chromeOptions: {debuggerAddress: localhost:40809}, javascriptEnabled: true, networkConnectionEnabled: false, pageLoadStrategy: normal, platform: LINUX, platformName: LINUX, proxy: Proxy(), se:cdp: ws://localhost:40809/devtoo..., se:cdpVersion: 97.0.4692.71, setWindowRect: true, strictFileInteractability: false, timeouts: {implicit: 0, pageLoad: 300000, script: 30000}, unhandledPromptBehavior: dismiss and notify, webauthn:extension:credBlob: true, webauthn:extension:largeBlob: true, webauthn:virtualAuthenticators: true}\nElement: [[ChromeDriver: chrome on LINUX (853f13a7c05d5c65b3d082207ceceabe)] -> css selector: #submit]\nSession ID: 853f13a7c05d5c65b3d082207ceceabe\n\tat java.base/jdk.internal.reflect.NativeConstructorAccessorImpl.newInstance0(Native Method)\n\tat java.base/jdk.internal.reflect.NativeConstructorAccessorImpl.newInstance(NativeConstructorAccessorImpl.java:78)\n\tat java.base/jdk.internal.reflect.DelegatingConstructorAccessorImpl.newInstance(DelegatingConstructorAccessorImpl.java:45)\n\tat java.base/java.lang.reflect.Constructor.newInstanceWithCaller(Constructor.java:499)\n\tat java.base/java.lang.reflect.Constructor.newInstance(Constructor.java:480)\n\tat org.openqa.selenium.remote.codec.w3c.W3CHttpResponseCodec.createException(W3CHttpResponseCodec.java:200)\n\tat org.openqa.selenium.remote.codec.w3c.W3CHttpResponseCodec.decode(W3CHttpResponseCodec.java:133)\n\tat org.openqa.selenium.remote.codec.w3c.W3CHttpResponseCodec.decode(W3CHttpResponseCodec.java:53)\n\tat org.openqa.selenium.remote.HttpCommandExecutor.execute(HttpCommandExecutor.java:184)\n\tat org.openqa.selenium.remote.service.DriverCommandExecutor.invokeExecute(DriverCommandExecutor.java:167)\n\tat org.openqa.selenium.remote.service.DriverCommandExecutor.execute(DriverCommandExecutor.java:142)\n\tat org.openqa.selenium.remote.RemoteWebDriver.execute(RemoteWebDriver.java:543)\n\tat org.openqa.selenium.remote.RemoteWebElement.execute(RemoteWebElement.java:251)\n\tat org.openqa.selenium.remote.RemoteWebElement.click(RemoteWebElement.java:77)\n\tat java.base/jdk.internal.reflect.NativeMethodAccessorImpl.invoke0(Native Method)\n\tat java.base/jdk.internal.reflect.NativeMethodAccessorImpl.invoke(NativeMethodAccessorImpl.java:78)\n\tat java.base/jdk.internal.reflect.DelegatingMethodAccessorImpl.invoke(DelegatingMethodAccessorImpl.java:43)\n\tat java.base/java.lang.reflect.Method.invoke(Method.java:567)\n\tat org.openqa.selenium.support.pagefactory.internal.LocatingElementHandler.invoke(LocatingElementHandler.java:52)\n\tat jdk.proxy2/jdk.proxy2.$Proxy32.click(Unknown Source)\n\tat pageObjects.pages.toolsqa.elements.TextBoxPage.clickOnSubmitButton(TextBoxPage.java:81)\n\tat tests.toolsqa.elements.TextBoxTest.testToolsQAElementsTextBox(TextBoxTest.java:36)\n\tat java.base/jdk.internal.reflect.NativeMethodAccessorImpl.invoke0(Native Method)\n\tat java.base/jdk.internal.reflect.NativeMethodAccessorImpl.invoke(NativeMethodAccessorImpl.java:78)\n\tat java.base/jdk.internal.reflect.DelegatingMethodAccessorImpl.invoke(DelegatingMethodAccessorImpl.java:43)\n\tat java.base/java.lang.reflect.Method.invoke(Method.java:567)\n\tat org.testng.internal.MethodInvocationHelper.invokeMethod(MethodInvocationHelper.java:134)\n\tat org.testng.internal.TestInvoker.invokeMethod(TestInvoker.java:597)\n\tat org.testng.internal.TestInvoker.retryFailed(TestInvoker.java:213)\n\tat org.testng.internal.MethodRunner.runInSequence(MethodRunner.java:58)\n\tat org.testng.internal.TestInvoker$MethodInvocationAgent.invoke(TestInvoker.java:816)\n\tat org.testng.internal.TestInvoker.invokeTestMethods(TestInvoker.java:146)\n\tat org.testng.internal.TestMethodWorker.invokeTestMethods(TestMethodWorker.java:146)\n\tat org.testng.internal.TestMethodWorker.run(TestMethodWorker.java:128)\n\tat java.base/java.util.ArrayList.forEach(ArrayList.java:1511)\n\tat org.testng.TestRunner.privateRun(TestRunner.java:766)\n\tat org.testng.TestRunner.run(TestRunner.java:587)\n\tat org.testng.SuiteRunner.runTest(SuiteRunner.java:384)\n\tat org.testng.SuiteRunner.runSequentially(SuiteRunner.java:378)\n\tat org.testng.SuiteRunner.privateRun(SuiteRunner.java:337)\n\tat org.testng.SuiteRunner.run(SuiteRunner.java:286)\n\tat org.testng.SuiteRunnerWorker.runSuite(SuiteRunnerWorker.java:53)\n\tat org.testng.SuiteRunnerWorker.run(SuiteRunnerWorker.java:96)\n\tat java.base/java.util.concurrent.ThreadPoolExecutor.runWorker(ThreadPoolExecutor.java:1130)\n\tat java.base/java.util.concurrent.ThreadPoolExecutor$Worker.run(ThreadPoolExecutor.java:630)\n\tat java.base/java.lang.Thread.run(Thread.java:831)\n",
      "steps" : [ ],
      "attachments" : [ ],
      "parameters" : [ ],
      "stepsCount" : 0,
      "attachmentsCount" : 0,
      "shouldDisplayMessage" : true,
      "hasContent" : true
    } ],
    "attachments" : [ ],
    "parameters" : [ ],
    "stepsCount" : 10,
    "attachmentsCount" : 2,
    "shouldDisplayMessage" : false,
    "hasContent" : true
  },
  "afterStages" : [ {
    "name" : "afterMethod",
    "time" : {
      "start" : 1641576502084,
      "stop" : 1641576504188,
      "duration" : 2104
    },
    "description" : "",
    "status" : "passed",
    "steps" : [ ],
    "attachments" : [ ],
    "parameters" : [ ],
    "stepsCount" : 0,
    "attachmentsCount" : 0,
    "shouldDisplayMessage" : false,
    "hasContent" : false
  } ],
  "labels" : [ {
    "name" : "package",
    "value" : "tests.toolsqa.elements.TextBoxTest"
  }, {
    "name" : "testClass",
    "value" : "tests.toolsqa.elements.TextBoxTest"
  }, {
    "name" : "testMethod",
    "value" : "testToolsQAElementsTextBox"
  }, {
    "name" : "parentSuite",
    "value" : "ToolsQA"
  }, {
    "name" : "suite",
    "value" : "TextBox"
  }, {
    "name" : "subSuite",
    "value" : "tests.toolsqa.elements.TextBoxTest"
  }, {
    "name" : "host",
    "value" : "fv-az275-504"
  }, {
    "name" : "thread",
    "value" : "3710@fv-az275-504.TestNG-suites-1(15)"
  }, {
    "name" : "framework",
    "value" : "testng"
  }, {
    "name" : "language",
    "value" : "java"
  }, {
    "name" : "feature",
    "value" : "TestBox Tests"
  }, {
    "name" : "epic",
    "value" : "Elements Tests"
  }, {
    "name" : "severity",
    "value" : "critical"
  }, {
    "name" : "resultFormat",
    "value" : "allure2"
  } ],
  "parameters" : [ {
    "name" : "arg0",
    "value" : "bikarsha"
  }, {
    "name" : "arg1",
    "value" : "bik@gmail.com"
  }, {
    "name" : "arg2",
    "value" : "currentAddress"
  }, {
    "name" : "arg3",
    "value" : "permanentAddress"
  }, {
    "name" : "currentAddress",
    "value" : "currentAddress1"
  }, {
    "name" : "permanentAddress",
    "value" : "permanentAddress1"
  }, {
    "name" : "userEmail",
    "value" : "mfg@gmail.com"
  }, {
    "name" : "userName",
    "value" : "bik"
  } ],
  "links" : [ ],
  "hidden" : false,
  "retry" : false,
  "extra" : {
    "severity" : "critical",
    "retries" : [ {
      "uid" : "91171be36d3fc834",
      "status" : "skipped",
      "statusDetails" : "element click intercepted: Element <button id=\"submit\" type=\"button\" class=\"btn btn-primary\">...</button> is not clickable at point (572, 557). Other element would receive the click: <iframe id=\"google_ads_iframe_/21849154601,22343295815/Ad.Plus-Anchor_0\" title=\"3rd party ad content\" name=\"google_ads_iframe_/21849154601,22343295815/Ad.Plus-Anchor_0\" width=\"728\" height=\"90\" scrolling=\"no\" marginwidth=\"0\" marginheight=\"0\" frameborder=\"0\" role=\"region\" aria-label=\"Advertisement\" tabindex=\"0\" sandbox=\"allow-forms allow-popups allow-popups-to-escape-sandbox allow-same-origin allow-scripts allow-top-navigation-by-user-activation\" allow=\"attribution-reporting\" srcdoc=\"\" style=\"border: 0px; vertical-align: bottom;\" data-google-container-id=\"1\" data-load-complete=\"true\"></iframe>\n  (Session info: headless chrome=97.0.4692.71)\nBuild info: version: '4.1.1', revision: 'e8fcc2cecf'\nSystem info: host: 'fv-az275-504', ip: '10.1.0.188', os.name: 'Linux', os.arch: 'amd64', os.version: '5.11.0-1022-azure', java.version: '16.0.2'\nDriver info: org.openqa.selenium.chrome.ChromeDriver\nCommand: [b9ac36528e0646b603a56d45fc1b01ab, clickElement {id=9a47e8d1-204c-490f-9297-285d2eb4c53a}]\nCapabilities {acceptInsecureCerts: true, browserName: chrome, browserVersion: 97.0.4692.71, chrome: {chromedriverVersion: 96.0.4664.45 (76e4c1bb2ab46..., userDataDir: /tmp/.com.google.Chrome.Ye7WVj}, goog:chromeOptions: {debuggerAddress: localhost:37773}, javascriptEnabled: true, networkConnectionEnabled: false, pageLoadStrategy: normal, platform: LINUX, platformName: LINUX, proxy: Proxy(), se:cdp: ws://localhost:37773/devtoo..., se:cdpVersion: 97.0.4692.71, setWindowRect: true, strictFileInteractability: false, timeouts: {implicit: 0, pageLoad: 300000, script: 30000}, unhandledPromptBehavior: dismiss and notify, webauthn:extension:credBlob: true, webauthn:extension:largeBlob: true, webauthn:virtualAuthenticators: true}\nElement: [[ChromeDriver: chrome on LINUX (b9ac36528e0646b603a56d45fc1b01ab)] -> css selector: #submit]\nSession ID: b9ac36528e0646b603a56d45fc1b01ab",
      "time" : {
        "start" : 1641576486845,
        "stop" : 1641576492097,
        "duration" : 5252
      }
    } ],
    "categories" : [ {
      "name" : "Test defects",
      "matchedStatuses" : [ ],
      "flaky" : false
    } ],
    "history" : {
      "statistic" : {
        "failed" : 0,
        "broken" : 4,
        "skipped" : 0,
        "passed" : 0,
        "unknown" : 0,
        "total" : 4
      },
      "items" : [ {
        "uid" : "a8d07b7d2787d9b9",
        "reportUrl" : "https://shaikbikarsha.github.io/ui-automation/22//#testresult/a8d07b7d2787d9b9",
        "status" : "broken",
        "statusDetails" : "element click intercepted: Element <button id=\"submit\" type=\"button\" class=\"btn btn-primary\">...</button> is not clickable at point (572, 557). Other element would receive the click: <iframe id=\"google_ads_iframe_/21849154601,22343295815/Ad.Plus-Anchor_0\" title=\"3rd party ad content\" name=\"google_ads_iframe_/21849154601,22343295815/Ad.Plus-Anchor_0\" width=\"728\" height=\"90\" scrolling=\"no\" marginwidth=\"0\" marginheight=\"0\" frameborder=\"0\" role=\"region\" aria-label=\"Advertisement\" tabindex=\"0\" sandbox=\"allow-forms allow-popups allow-popups-to-escape-sandbox allow-same-origin allow-scripts allow-top-navigation-by-user-activation\" allow=\"attribution-reporting\" srcdoc=\"\" style=\"border: 0px; vertical-align: bottom;\" data-google-container-id=\"1\" data-load-complete=\"true\"></iframe>\n  (Session info: headless chrome=97.0.4692.71)\nBuild info: version: '4.1.1', revision: 'e8fcc2cecf'\nSystem info: host: 'fv-az173-662', ip: '10.1.0.42', os.name: 'Linux', os.arch: 'amd64', os.version: '5.11.0-1022-azure', java.version: '16.0.2'\nDriver info: org.openqa.selenium.chrome.ChromeDriver\nCommand: [518bd9e995df6d48c684200961547f9c, clickElement {id=77b6eac5-51c2-49d0-b3e2-ea5933c136a9}]\nCapabilities {acceptInsecureCerts: true, browserName: chrome, browserVersion: 97.0.4692.71, chrome: {chromedriverVersion: 96.0.4664.45 (76e4c1bb2ab46..., userDataDir: /tmp/.com.google.Chrome.2Yn8gU}, goog:chromeOptions: {debuggerAddress: localhost:33891}, javascriptEnabled: true, networkConnectionEnabled: false, pageLoadStrategy: normal, platform: LINUX, platformName: LINUX, proxy: Proxy(), se:cdp: ws://localhost:33891/devtoo..., se:cdpVersion: 97.0.4692.71, setWindowRect: true, strictFileInteractability: false, timeouts: {implicit: 0, pageLoad: 300000, script: 30000}, unhandledPromptBehavior: dismiss and notify, webauthn:extension:credBlob: true, webauthn:extension:largeBlob: true, webauthn:virtualAuthenticators: true}\nElement: [[ChromeDriver: chrome on LINUX (518bd9e995df6d48c684200961547f9c)] -> css selector: #submit]\nSession ID: 518bd9e995df6d48c684200961547f9c",
        "time" : {
          "start" : 1641530321703,
          "stop" : 1641530328947,
          "duration" : 7244
        }
      }, {
        "uid" : "f7539932b63dd3bb",
        "reportUrl" : "https://shaikbikarsha.github.io/ui-automation/21//#testresult/f7539932b63dd3bb",
        "status" : "broken",
        "statusDetails" : "element click intercepted: Element <button id=\"submit\" type=\"button\" class=\"btn btn-primary\">...</button> is not clickable at point (572, 557). Other element would receive the click: <iframe id=\"google_ads_iframe_/21849154601,22343295815/Ad.Plus-Anchor_0\" title=\"3rd party ad content\" name=\"google_ads_iframe_/21849154601,22343295815/Ad.Plus-Anchor_0\" width=\"728\" height=\"90\" scrolling=\"no\" marginwidth=\"0\" marginheight=\"0\" frameborder=\"0\" role=\"region\" aria-label=\"Advertisement\" tabindex=\"0\" sandbox=\"allow-forms allow-popups allow-popups-to-escape-sandbox allow-same-origin allow-scripts allow-top-navigation-by-user-activation\" allow=\"attribution-reporting\" srcdoc=\"\" style=\"border: 0px; vertical-align: bottom;\" data-google-container-id=\"1\" data-load-complete=\"true\"></iframe>\n  (Session info: headless chrome=97.0.4692.71)\nBuild info: version: '4.1.1', revision: 'e8fcc2cecf'\nSystem info: host: 'fv-az182-150', ip: '10.1.1.117', os.name: 'Linux', os.arch: 'amd64', os.version: '5.11.0-1022-azure', java.version: '16.0.2'\nDriver info: org.openqa.selenium.chrome.ChromeDriver\nCommand: [a34459eeb2bc35c3d8181471f8384c24, clickElement {id=ec40ac43-7369-4039-b075-72b3097a6ff8}]\nCapabilities {acceptInsecureCerts: true, browserName: chrome, browserVersion: 97.0.4692.71, chrome: {chromedriverVersion: 96.0.4664.45 (76e4c1bb2ab46..., userDataDir: /tmp/.com.google.Chrome.ZYAG6g}, goog:chromeOptions: {debuggerAddress: localhost:38671}, javascriptEnabled: true, networkConnectionEnabled: false, pageLoadStrategy: normal, platform: LINUX, platformName: LINUX, proxy: Proxy(), se:cdp: ws://localhost:38671/devtoo..., se:cdpVersion: 97.0.4692.71, setWindowRect: true, strictFileInteractability: false, timeouts: {implicit: 0, pageLoad: 300000, script: 30000}, unhandledPromptBehavior: dismiss and notify, webauthn:extension:credBlob: true, webauthn:extension:largeBlob: true, webauthn:virtualAuthenticators: true}\nElement: [[ChromeDriver: chrome on LINUX (a34459eeb2bc35c3d8181471f8384c24)] -> css selector: #submit]\nSession ID: a34459eeb2bc35c3d8181471f8384c24",
        "time" : {
          "start" : 1641505450036,
          "stop" : 1641505456768,
          "duration" : 6732
        }
      }, {
        "uid" : "401114863d19792c",
        "reportUrl" : "https://shaikbikarsha.github.io/ui-automation/21//#testresult/401114863d19792c",
        "status" : "broken",
        "statusDetails" : "element click intercepted: Element <button id=\"submit\" type=\"button\" class=\"btn btn-primary\">...</button> is not clickable at point (572, 557). Other element would receive the click: <iframe id=\"google_ads_iframe_/21849154601,22343295815/Ad.Plus-Anchor_0\" title=\"3rd party ad content\" name=\"google_ads_iframe_/21849154601,22343295815/Ad.Plus-Anchor_0\" width=\"728\" height=\"90\" scrolling=\"no\" marginwidth=\"0\" marginheight=\"0\" frameborder=\"0\" role=\"region\" aria-label=\"Advertisement\" tabindex=\"0\" sandbox=\"allow-forms allow-popups allow-popups-to-escape-sandbox allow-same-origin allow-scripts allow-top-navigation-by-user-activation\" allow=\"attribution-reporting\" srcdoc=\"\" data-google-container-id=\"1\" style=\"border: 0px; vertical-align: bottom;\" data-load-complete=\"true\"></iframe>\n  (Session info: headless chrome=97.0.4692.71)\nBuild info: version: '4.1.1', revision: 'e8fcc2cecf'\nSystem info: host: 'fv-az275-504', ip: '10.1.1.148', os.name: 'Linux', os.arch: 'amd64', os.version: '5.11.0-1022-azure', java.version: '16.0.2'\nDriver info: org.openqa.selenium.chrome.ChromeDriver\nCommand: [86add4f3d24cda79f6d50b7b16484132, clickElement {id=912f9bff-82f6-4a52-b8b4-98d87a0ba262}]\nCapabilities {acceptInsecureCerts: true, browserName: chrome, browserVersion: 97.0.4692.71, chrome: {chromedriverVersion: 96.0.4664.45 (76e4c1bb2ab46..., userDataDir: /tmp/.com.google.Chrome.5LaU5j}, goog:chromeOptions: {debuggerAddress: localhost:32867}, javascriptEnabled: true, networkConnectionEnabled: false, pageLoadStrategy: normal, platform: LINUX, platformName: LINUX, proxy: Proxy(), se:cdp: ws://localhost:32867/devtoo..., se:cdpVersion: 97.0.4692.71, setWindowRect: true, strictFileInteractability: false, timeouts: {implicit: 0, pageLoad: 300000, script: 30000}, unhandledPromptBehavior: dismiss and notify, webauthn:extension:credBlob: true, webauthn:extension:largeBlob: true, webauthn:virtualAuthenticators: true}\nElement: [[ChromeDriver: chrome on LINUX (86add4f3d24cda79f6d50b7b16484132)] -> css selector: #submit]\nSession ID: 86add4f3d24cda79f6d50b7b16484132",
        "time" : {
          "start" : 1641505078822,
          "stop" : 1641505086831,
          "duration" : 8009
        }
      } ]
    },
    "tags" : [ ]
  },
  "source" : "b0cd5e62ee8adb63.json",
  "parameterValues" : [ "bikarsha", "bik@gmail.com", "currentAddress", "permanentAddress", "currentAddress1", "permanentAddress1", "mfg@gmail.com", "bik" ]
}